<?xml version="1.0" encoding="UTF-8"?>
<testsuite name="CharacterTest" tests="1" skipped="0" failures="0" errors="0" timestamp="2023-04-04T14:02:47" hostname="IDAVULI-WRH7WR3" time="0.396">
  <properties/>
  <testcase name="contentTestWithObjects()" classname="CharacterTest" time="0.396"/>
  <system-out><![CDATA[]]></system-out>
  <system-err><![CDATA[]]></system-err>
</testsuite>
